
> web@0.1.0 build
> next build

  ▲ Next.js 14.2.31
  - Environments: .env.local

   Creating an optimized production build ...
 ✓ Compiled successfully
   Linting and checking validity of types ...
   Collecting page data ...
   Generating static pages (0/18) ...
   Generating static pages (4/18) 
   Generating static pages (8/18) 
   Generating static pages (13/18) 
 ✓ Generating static pages (18/18)
   Finalizing page optimization ...
   Collecting build traces ...

Route (app)                              Size     First Load JS
┌ ○ /                                    6.66 kB         136 kB
├ ○ /_not-found                          873 B          88.1 kB
├ ○ /chat                                11.1 kB         144 kB
├ ○ /configurations                      2.67 kB         106 kB
├ ○ /deployments                         9.03 kB         141 kB
├ ○ /login                               3.75 kB         126 kB
├ ○ /pem-keys                            511 B          87.8 kB
├ ○ /register                            3.57 kB         126 kB
├ ○ /server-groups                       4.01 kB         136 kB
├ ○ /servers                             6.38 kB         139 kB
├ ○ /settings                            9.64 kB         142 kB
├ ○ /settings/audit-logs                 4.86 kB        92.1 kB
├ ○ /settings/integrations               6.22 kB        93.5 kB
├ ○ /settings/roles/create               4.47 kB        91.7 kB
├ ○ /test-simple                         408 B          87.7 kB
└ ○ /training                            14.4 kB         118 kB
+ First Load JS shared by all            87.3 kB
  ├ chunks/1dd3208c-6f10f8373886b9c6.js  53.6 kB
  ├ chunks/528-70d8759c87861472.js       31.6 kB
  └ other shared chunks (total)          2.04 kB


○  (Static)  prerendered as static content

